2024-07-17 10:43:36.668 [info] Log level: Info
2024-07-17 10:43:36.668 [info] Validating found git in: "git"
2024-07-17 10:43:36.668 [info] Using git "2.42.2" from "git"
2024-07-17 10:43:36.680 [info] > git rev-parse --show-toplevel [23ms]
2024-07-17 10:43:36.690 [info] > git rev-parse --git-dir --git-common-dir [2ms]
2024-07-17 10:43:36.713 [info] Open repository: /home/user/Friendlyeats-nextjs
2024-07-17 10:43:36.739 [info] > git config --get commit.template [14ms]
2024-07-17 10:43:36.741 [info] > git for-each-ref --format=%(refname)%00%(upstream:short)%00%(objectname)%00%(upstream:track)%00%(upstream:remotename)%00%(upstream:remoteref) refs/heads/main refs/remotes/main [6ms]
2024-07-17 10:43:36.742 [warning] No such branch: main.
2024-07-17 10:43:36.760 [info] > git status -z -uall [12ms]
2024-07-17 10:43:36.808 [info] > git config --get commit.template [25ms]
2024-07-17 10:43:36.809 [info] > git for-each-ref --format=%(refname)%00%(upstream:short)%00%(objectname)%00%(upstream:track)%00%(upstream:remotename)%00%(upstream:remoteref) refs/heads/main refs/remotes/main [5ms]
2024-07-17 10:43:36.809 [warning] No such branch: main.
2024-07-17 10:43:36.817 [info] > git status -z -uall [2ms]
2024-07-17 10:43:54.968 [info] > git config --get commit.template [11ms]
2024-07-17 10:43:54.970 [info] > git for-each-ref --format=%(refname)%00%(upstream:short)%00%(objectname)%00%(upstream:track)%00%(upstream:remotename)%00%(upstream:remoteref) refs/heads/main refs/remotes/main [4ms]
2024-07-17 10:43:54.971 [warning] No such branch: main.
2024-07-17 10:43:54.980 [info] > git status -z -uall [5ms]
2024-07-17 10:43:55.220 [info] > git check-ignore -v -z --stdin [3ms]
2024-07-17 10:44:00.055 [info] > git show --textconv :.idx/dev.nix [11ms]
2024-07-17 10:44:00.057 [info] > git ls-files --stage -- /home/user/Friendlyeats-nextjs/.idx/dev.nix [5ms]
2024-07-17 10:44:00.321 [info] > git check-ignore -v -z --stdin [3ms]
2024-07-17 10:44:42.096 [info] > git config --get commit.template [14ms]
2024-07-17 10:44:42.101 [info] > git for-each-ref --format=%(refname)%00%(upstream:short)%00%(objectname)%00%(upstream:track)%00%(upstream:remotename)%00%(upstream:remoteref) refs/heads/main refs/remotes/main [6ms]
2024-07-17 10:44:42.101 [warning] No such branch: main.
2024-07-17 10:44:42.110 [info] > git status -z -uall [3ms]
