0 verbose cli /nix/store/qds3rzxwqrkvhzjxgcb95d2qx4sd9b1l-nodejs-20.11.1/bin/node /nix/store/qds3rzxwqrkvhzjxgcb95d2qx4sd9b1l-nodejs-20.11.1/lib/node_modules/npm/bin/npm-cli.js
1 info using npm@10.2.4
2 info using node@v20.11.1
3 timing npm:load:whichnode Completed in 16ms
4 timing config:load:defaults Completed in 7ms
5 timing config:load:file:/nix/store/qds3rzxwqrkvhzjxgcb95d2qx4sd9b1l-nodejs-20.11.1/lib/node_modules/npm/npmrc Completed in 11ms
6 timing config:load:builtin Completed in 11ms
7 timing config:load:cli Completed in 5ms
8 timing config:load:env Completed in 1ms
9 timing config:load:file:/home/user/Friendlyeats-nextjs/.npmrc Completed in 1ms
10 timing config:load:project Completed in 2ms
11 timing config:load:file:/home/user/.npmrc Completed in 0ms
12 timing config:load:user Completed in 0ms
13 timing config:load:file:/google/idx/.npmrc Completed in 0ms
14 timing config:load:global Completed in 0ms
15 timing config:load:setEnvs Completed in 2ms
16 timing config:load Completed in 31ms
17 timing npm:load:configload Completed in 31ms
18 timing config:load:flatten Completed in 9ms
19 timing npm:load:mkdirpcache Completed in 0ms
20 timing npm:load:mkdirplogs Completed in 0ms
21 verbose title npm exec giget@latest gh:firebase/friendlyeats-web/nextjs-start#master . --install
22 verbose argv "exec" "--" "giget@latest" "gh:firebase/friendlyeats-web/nextjs-start#master" "." "--install"
23 timing npm:load:setTitle Completed in 1ms
24 timing npm:load:display Completed in 1ms
25 verbose logfile logs-max:10 dir:/home/user/.npm/_logs/2024-07-17T10_47_39_207Z-
26 verbose logfile /home/user/.npm/_logs/2024-07-17T10_47_39_207Z-debug-0.log
27 timing npm:load:logFile Completed in 15ms
28 timing npm:load:timers Completed in 0ms
29 timing npm:load:configScope Completed in 0ms
30 timing npm:load Completed in 113ms
31 silly logfile done cleaning log files
32 timing arborist:ctor Completed in 2ms
33 http fetch GET 200 https://registry.npmjs.org/giget 113ms (cache miss)
34 timing arborist:ctor Completed in 0ms
35 timing arborist:ctor Completed in 0ms
36 http fetch GET 200 https://registry.npmjs.org/npm 285ms (cache miss)
37 timing arborist:ctor Completed in 0ms
38 timing idealTree:init Completed in 8ms
39 timing idealTree:userRequests Completed in 3ms
40 silly idealTree buildDeps
41 silly fetch manifest giget@1.2.3
42 http fetch GET 200 https://registry.npmjs.org/giget 13ms (cache hit)
43 silly placeDep ROOT giget@1.2.3 OK for:  want: 1.2.3
44 silly fetch manifest citty@^0.1.6
45 silly fetch manifest consola@^3.2.3
46 silly fetch manifest defu@^6.1.4
47 silly fetch manifest node-fetch-native@^1.6.3
48 silly fetch manifest nypm@^0.3.8
49 silly fetch manifest ohash@^1.1.3
50 silly fetch manifest pathe@^1.1.2
51 silly fetch manifest tar@^6.2.0
52 http fetch GET 200 https://registry.npmjs.org/citty 169ms (cache miss)
53 http fetch GET 200 https://registry.npmjs.org/nypm 173ms (cache miss)
54 http fetch GET 200 https://registry.npmjs.org/consola 177ms (cache miss)
55 http fetch GET 200 https://registry.npmjs.org/ohash 181ms (cache miss)
56 http fetch GET 200 https://registry.npmjs.org/pathe 181ms (cache miss)
57 http fetch GET 200 https://registry.npmjs.org/node-fetch-native 185ms (cache miss)
58 http fetch GET 200 https://registry.npmjs.org/defu 190ms (cache miss)
59 http fetch GET 200 https://registry.npmjs.org/tar 193ms (cache miss)
60 timing idealTree:#root Completed in 231ms
61 silly placeDep ROOT citty@0.1.6 OK for: giget@1.2.3 want: ^0.1.6
62 silly placeDep ROOT consola@3.2.3 OK for: giget@1.2.3 want: ^3.2.3
63 silly placeDep ROOT defu@6.1.4 OK for: giget@1.2.3 want: ^6.1.4
64 silly placeDep ROOT node-fetch-native@1.6.4 OK for: giget@1.2.3 want: ^1.6.3
65 silly placeDep ROOT nypm@0.3.9 OK for: giget@1.2.3 want: ^0.3.8
66 silly fetch manifest execa@^8.0.1
67 silly fetch manifest pkg-types@^1.1.1
68 silly fetch manifest ufo@^1.5.3
69 silly placeDep ROOT ohash@1.1.3 OK for: giget@1.2.3 want: ^1.1.3
70 silly placeDep ROOT pathe@1.1.2 OK for: giget@1.2.3 want: ^1.1.2
71 silly placeDep ROOT tar@6.2.1 OK for: giget@1.2.3 want: ^6.2.0
72 silly fetch manifest chownr@^2.0.0
73 silly fetch manifest mkdirp@^1.0.3
74 silly fetch manifest yallist@^4.0.0
75 silly fetch manifest minipass@^5.0.0
76 silly fetch manifest minizlib@^2.1.1
77 silly fetch manifest fs-minipass@^2.0.0
78 http fetch GET 200 https://registry.npmjs.org/pkg-types 97ms (cache miss)
79 http fetch GET 200 https://registry.npmjs.org/minizlib 94ms (cache miss)
80 http fetch GET 200 https://registry.npmjs.org/chownr 98ms (cache miss)
81 http fetch GET 200 https://registry.npmjs.org/yallist 98ms (cache miss)
82 http fetch GET 200 https://registry.npmjs.org/mkdirp 129ms (cache miss)
83 http fetch GET 200 https://registry.npmjs.org/execa 140ms (cache miss)
84 http fetch GET 200 https://registry.npmjs.org/ufo 152ms (cache miss)
85 http fetch GET 200 https://registry.npmjs.org/minipass 152ms (cache miss)
86 http fetch GET 200 https://registry.npmjs.org/fs-minipass 156ms (cache miss)
87 timing idealTree:node_modules/giget Completed in 179ms
88 timing idealTree:node_modules/citty Completed in 0ms
89 timing idealTree:node_modules/consola Completed in 0ms
90 timing idealTree:node_modules/defu Completed in 0ms
91 timing idealTree:node_modules/node-fetch-native Completed in 0ms
92 silly placeDep ROOT execa@8.0.1 OK for: nypm@0.3.9 want: ^8.0.1
93 silly fetch manifest onetime@^6.0.0
94 silly fetch manifest is-stream@^3.0.0
95 silly fetch manifest get-stream@^8.0.1
96 silly fetch manifest cross-spawn@^7.0.3
97 silly fetch manifest signal-exit@^4.1.0
98 silly fetch manifest merge-stream@^2.0.0
99 silly fetch manifest npm-run-path@^5.1.0
100 silly fetch manifest human-signals@^5.0.0
101 silly fetch manifest strip-final-newline@^3.0.0
102 silly placeDep ROOT pkg-types@1.1.3 OK for: nypm@0.3.9 want: ^1.1.1
103 silly fetch manifest confbox@^0.1.7
104 silly fetch manifest mlly@^1.7.1
105 silly placeDep ROOT ufo@1.5.4 OK for: nypm@0.3.9 want: ^1.5.3
106 http fetch GET 200 https://registry.npmjs.org/onetime 192ms (cache miss)
107 http fetch GET 200 https://registry.npmjs.org/merge-stream 187ms (cache miss)
108 http fetch GET 200 https://registry.npmjs.org/confbox 174ms (cache miss)
109 http fetch GET 200 https://registry.npmjs.org/is-stream 198ms (cache miss)
110 http fetch GET 200 https://registry.npmjs.org/strip-final-newline 186ms (cache miss)
111 http fetch GET 200 https://registry.npmjs.org/get-stream 199ms (cache miss)
112 http fetch GET 200 https://registry.npmjs.org/npm-run-path 194ms (cache miss)
113 http fetch GET 200 https://registry.npmjs.org/signal-exit 201ms (cache miss)
114 http fetch GET 200 https://registry.npmjs.org/human-signals 198ms (cache miss)
115 http fetch GET 200 https://registry.npmjs.org/cross-spawn 210ms (cache miss)
116 http fetch GET 200 https://registry.npmjs.org/mlly 196ms (cache miss)
117 timing idealTree:node_modules/nypm Completed in 231ms
118 silly placeDep ROOT cross-spawn@7.0.3 OK for: execa@8.0.1 want: ^7.0.3
119 silly fetch manifest path-key@^3.1.0
120 silly fetch manifest shebang-command@^2.0.0
121 silly fetch manifest which@^2.0.1
122 silly placeDep ROOT get-stream@8.0.1 OK for: execa@8.0.1 want: ^8.0.1
123 silly placeDep ROOT human-signals@5.0.0 OK for: execa@8.0.1 want: ^5.0.0
124 silly placeDep ROOT is-stream@3.0.0 OK for: execa@8.0.1 want: ^3.0.0
125 silly placeDep ROOT merge-stream@2.0.0 OK for: execa@8.0.1 want: ^2.0.0
126 silly placeDep ROOT npm-run-path@5.3.0 OK for: execa@8.0.1 want: ^5.1.0
127 silly fetch manifest path-key@^4.0.0
128 silly placeDep ROOT onetime@6.0.0 OK for: execa@8.0.1 want: ^6.0.0
129 silly fetch manifest mimic-fn@^4.0.0
130 silly placeDep ROOT signal-exit@4.1.0 OK for: execa@8.0.1 want: ^4.1.0
131 silly placeDep ROOT strip-final-newline@3.0.0 OK for: execa@8.0.1 want: ^3.0.0
132 http fetch GET 200 https://registry.npmjs.org/path-key 119ms (cache miss)
133 http fetch GET 200 https://registry.npmjs.org/shebang-command 118ms (cache miss)
134 http fetch GET 200 https://registry.npmjs.org/mimic-fn 88ms (cache miss)
135 http fetch GET 200 https://registry.npmjs.org/path-key 104ms (cache miss)
136 http fetch GET 200 https://registry.npmjs.org/which 119ms (cache miss)
137 timing idealTree:node_modules/execa Completed in 147ms
138 silly placeDep ROOT path-key@3.1.1 OK for: cross-spawn@7.0.3 want: ^3.1.0
139 silly placeDep ROOT shebang-command@2.0.0 OK for: cross-spawn@7.0.3 want: ^2.0.0
140 silly fetch manifest shebang-regex@^3.0.0
141 silly placeDep ROOT which@2.0.2 OK for: cross-spawn@7.0.3 want: ^2.0.1
142 silly fetch manifest isexe@^2.0.0
143 http fetch GET 200 https://registry.npmjs.org/isexe 40ms (cache miss)
144 http fetch GET 200 https://registry.npmjs.org/shebang-regex 42ms (cache miss)
145 timing idealTree:node_modules/cross-spawn Completed in 51ms
146 timing idealTree:node_modules/get-stream Completed in 0ms
147 timing idealTree:node_modules/human-signals Completed in 0ms
148 timing idealTree:node_modules/is-stream Completed in 0ms
149 timing idealTree:node_modules/merge-stream Completed in 0ms
150 silly placeDep node_modules/npm-run-path path-key@4.0.0 OK for: npm-run-path@5.3.0 want: ^4.0.0
151 timing idealTree:node_modules/npm-run-path Completed in 4ms
152 timing idealTree:node_modules/ohash Completed in 0ms
153 silly placeDep ROOT mimic-fn@4.0.0 OK for: onetime@6.0.0 want: ^4.0.0
154 timing idealTree:node_modules/onetime Completed in 2ms
155 timing idealTree:node_modules/mimic-fn Completed in 0ms
156 timing idealTree:node_modules/path-key Completed in 1ms
157 timing idealTree:node_modules/pathe Completed in 0ms
158 silly placeDep ROOT confbox@0.1.7 OK for: pkg-types@1.1.3 want: ^0.1.7
159 silly placeDep ROOT mlly@1.7.1 OK for: pkg-types@1.1.3 want: ^1.7.1
160 silly fetch manifest acorn@^8.11.3
161 http fetch GET 200 https://registry.npmjs.org/acorn 44ms (cache miss)
162 timing idealTree:node_modules/pkg-types Completed in 53ms
163 timing idealTree:node_modules/confbox Completed in 0ms
164 silly placeDep ROOT acorn@8.12.1 OK for: mlly@1.7.1 want: ^8.11.3
165 timing idealTree:node_modules/mlly Completed in 2ms
166 timing idealTree:node_modules/acorn Completed in 0ms
167 silly placeDep ROOT shebang-regex@3.0.0 OK for: shebang-command@2.0.0 want: ^3.0.0
168 timing idealTree:node_modules/shebang-command Completed in 3ms
169 timing idealTree:node_modules/shebang-regex Completed in 0ms
170 timing idealTree:node_modules/signal-exit Completed in 0ms
171 timing idealTree:node_modules/strip-final-newline Completed in 0ms
172 silly placeDep ROOT chownr@2.0.0 OK for: tar@6.2.1 want: ^2.0.0
173 silly placeDep ROOT fs-minipass@2.1.0 OK for: tar@6.2.1 want: ^2.0.0
174 silly fetch manifest minipass@^3.0.0
175 silly placeDep ROOT minipass@5.0.0 OK for: tar@6.2.1 want: ^5.0.0
176 silly placeDep ROOT minizlib@2.1.2 OK for: tar@6.2.1 want: ^2.1.1
177 silly placeDep ROOT mkdirp@1.0.4 OK for: tar@6.2.1 want: ^1.0.3
178 silly placeDep ROOT yallist@4.0.0 OK for: tar@6.2.1 want: ^4.0.0
179 timing idealTree:node_modules/tar Completed in 11ms
180 timing idealTree:node_modules/chownr Completed in 0ms
181 silly placeDep node_modules/fs-minipass minipass@3.3.6 OK for: fs-minipass@2.1.0 want: ^3.0.0
182 timing idealTree:node_modules/fs-minipass Completed in 2ms
183 timing idealTree:node_modules/minipass Completed in 0ms
184 silly placeDep node_modules/minizlib minipass@3.3.6 OK for: minizlib@2.1.2 want: ^3.0.0
185 timing idealTree:node_modules/minizlib Completed in 2ms
186 timing idealTree:node_modules/mkdirp Completed in 0ms
187 timing idealTree:node_modules/ufo Completed in 0ms
188 silly placeDep ROOT isexe@2.0.0 OK for: which@2.0.2 want: ^2.0.0
189 timing idealTree:node_modules/which Completed in 1ms
190 timing idealTree:node_modules/isexe Completed in 0ms
191 timing idealTree:node_modules/yallist Completed in 0ms
192 timing idealTree:node_modules/fs-minipass/node_modules/minipass Completed in 0ms
193 timing idealTree:node_modules/minizlib/node_modules/minipass Completed in 0ms
194 timing idealTree:node_modules/npm-run-path/node_modules/path-key Completed in 0ms
195 timing idealTree:buildDeps Completed in 925ms
196 timing idealTree:fixDepFlags Completed in 1ms
197 timing idealTree Completed in 940ms
198 timing reify:loadTrees Completed in 942ms
199 timing reify:diffTrees Completed in 3ms
200 silly reify moves {}
201 timing reify:retireShallow Completed in 1ms
202 timing reify:createSparse Completed in 7ms
203 timing reify:loadBundles Completed in 0ms
204 silly audit bulk request {
204 silly audit   giget: [ '1.2.3' ],
204 silly audit   citty: [ '0.1.6' ],
204 silly audit   consola: [ '3.2.3' ],
204 silly audit   defu: [ '6.1.4' ],
204 silly audit   'node-fetch-native': [ '1.6.4' ],
204 silly audit   nypm: [ '0.3.9' ],
204 silly audit   ohash: [ '1.1.3' ],
204 silly audit   pathe: [ '1.1.2' ],
204 silly audit   tar: [ '6.2.1' ],
204 silly audit   execa: [ '8.0.1' ],
204 silly audit   'pkg-types': [ '1.1.3' ],
204 silly audit   ufo: [ '1.5.4' ],
204 silly audit   'cross-spawn': [ '7.0.3' ],
204 silly audit   'get-stream': [ '8.0.1' ],
204 silly audit   'human-signals': [ '5.0.0' ],
204 silly audit   'is-stream': [ '3.0.0' ],
204 silly audit   'merge-stream': [ '2.0.0' ],
204 silly audit   'npm-run-path': [ '5.3.0' ],
204 silly audit   onetime: [ '6.0.0' ],
204 silly audit   'signal-exit': [ '4.1.0' ],
204 silly audit   'strip-final-newline': [ '3.0.0' ],
204 silly audit   'path-key': [ '3.1.1', '4.0.0' ],
204 silly audit   'shebang-command': [ '2.0.0' ],
204 silly audit   which: [ '2.0.2' ],
204 silly audit   'mimic-fn': [ '4.0.0' ],
204 silly audit   confbox: [ '0.1.7' ],
204 silly audit   mlly: [ '1.7.1' ],
204 silly audit   acorn: [ '8.12.1' ],
204 silly audit   'shebang-regex': [ '3.0.0' ],
204 silly audit   chownr: [ '2.0.0' ],
204 silly audit   'fs-minipass': [ '2.1.0' ],
204 silly audit   minipass: [ '5.0.0', '3.3.6' ],
204 silly audit   minizlib: [ '2.1.2' ],
204 silly audit   mkdirp: [ '1.0.4' ],
204 silly audit   yallist: [ '4.0.0' ],
204 silly audit   isexe: [ '2.0.0' ]
204 silly audit }
205 silly tarball no local data for isexe@https://registry.npmjs.org/isexe/-/isexe-2.0.0.tgz. Extracting by manifest.
206 silly tarball no local data for yallist@https://registry.npmjs.org/yallist/-/yallist-4.0.0.tgz. Extracting by manifest.
207 silly tarball no local data for mkdirp@https://registry.npmjs.org/mkdirp/-/mkdirp-1.0.4.tgz. Extracting by manifest.
208 silly tarball no local data for minizlib@https://registry.npmjs.org/minizlib/-/minizlib-2.1.2.tgz. Extracting by manifest.
209 silly tarball no local data for minipass@https://registry.npmjs.org/minipass/-/minipass-5.0.0.tgz. Extracting by manifest.
210 silly tarball no local data for fs-minipass@https://registry.npmjs.org/fs-minipass/-/fs-minipass-2.1.0.tgz. Extracting by manifest.
211 silly tarball no local data for chownr@https://registry.npmjs.org/chownr/-/chownr-2.0.0.tgz. Extracting by manifest.
212 silly tarball no local data for shebang-regex@https://registry.npmjs.org/shebang-regex/-/shebang-regex-3.0.0.tgz. Extracting by manifest.
213 silly tarball no local data for acorn@https://registry.npmjs.org/acorn/-/acorn-8.12.1.tgz. Extracting by manifest.
214 silly tarball no local data for mlly@https://registry.npmjs.org/mlly/-/mlly-1.7.1.tgz. Extracting by manifest.
215 silly tarball no local data for confbox@https://registry.npmjs.org/confbox/-/confbox-0.1.7.tgz. Extracting by manifest.
216 silly tarball no local data for mimic-fn@https://registry.npmjs.org/mimic-fn/-/mimic-fn-4.0.0.tgz. Extracting by manifest.
217 silly tarball no local data for which@https://registry.npmjs.org/which/-/which-2.0.2.tgz. Extracting by manifest.
218 silly tarball no local data for shebang-command@https://registry.npmjs.org/shebang-command/-/shebang-command-2.0.0.tgz. Extracting by manifest.
219 silly tarball no local data for path-key@https://registry.npmjs.org/path-key/-/path-key-3.1.1.tgz. Extracting by manifest.
220 silly tarball no local data for strip-final-newline@https://registry.npmjs.org/strip-final-newline/-/strip-final-newline-3.0.0.tgz. Extracting by manifest.
221 silly tarball no local data for signal-exit@https://registry.npmjs.org/signal-exit/-/signal-exit-4.1.0.tgz. Extracting by manifest.
222 silly tarball no local data for onetime@https://registry.npmjs.org/onetime/-/onetime-6.0.0.tgz. Extracting by manifest.
223 silly tarball no local data for npm-run-path@https://registry.npmjs.org/npm-run-path/-/npm-run-path-5.3.0.tgz. Extracting by manifest.
224 silly tarball no local data for merge-stream@https://registry.npmjs.org/merge-stream/-/merge-stream-2.0.0.tgz. Extracting by manifest.
225 silly tarball no local data for is-stream@https://registry.npmjs.org/is-stream/-/is-stream-3.0.0.tgz. Extracting by manifest.
226 silly tarball no local data for human-signals@https://registry.npmjs.org/human-signals/-/human-signals-5.0.0.tgz. Extracting by manifest.
227 silly tarball no local data for get-stream@https://registry.npmjs.org/get-stream/-/get-stream-8.0.1.tgz. Extracting by manifest.
228 silly tarball no local data for cross-spawn@https://registry.npmjs.org/cross-spawn/-/cross-spawn-7.0.3.tgz. Extracting by manifest.
229 silly tarball no local data for ufo@https://registry.npmjs.org/ufo/-/ufo-1.5.4.tgz. Extracting by manifest.
230 silly tarball no local data for pkg-types@https://registry.npmjs.org/pkg-types/-/pkg-types-1.1.3.tgz. Extracting by manifest.
231 silly tarball no local data for execa@https://registry.npmjs.org/execa/-/execa-8.0.1.tgz. Extracting by manifest.
232 silly tarball no local data for tar@https://registry.npmjs.org/tar/-/tar-6.2.1.tgz. Extracting by manifest.
233 silly tarball no local data for pathe@https://registry.npmjs.org/pathe/-/pathe-1.1.2.tgz. Extracting by manifest.
234 silly tarball no local data for ohash@https://registry.npmjs.org/ohash/-/ohash-1.1.3.tgz. Extracting by manifest.
235 silly tarball no local data for nypm@https://registry.npmjs.org/nypm/-/nypm-0.3.9.tgz. Extracting by manifest.
236 silly tarball no local data for node-fetch-native@https://registry.npmjs.org/node-fetch-native/-/node-fetch-native-1.6.4.tgz. Extracting by manifest.
237 silly tarball no local data for defu@https://registry.npmjs.org/defu/-/defu-6.1.4.tgz. Extracting by manifest.
238 silly tarball no local data for consola@https://registry.npmjs.org/consola/-/consola-3.2.3.tgz. Extracting by manifest.
239 silly tarball no local data for citty@https://registry.npmjs.org/citty/-/citty-0.1.6.tgz. Extracting by manifest.
240 silly tarball no local data for giget@https://registry.npmjs.org/giget/-/giget-1.2.3.tgz. Extracting by manifest.
241 silly tarball no local data for minipass@https://registry.npmjs.org/minipass/-/minipass-3.3.6.tgz. Extracting by manifest.
242 silly tarball no local data for minipass@https://registry.npmjs.org/minipass/-/minipass-3.3.6.tgz. Extracting by manifest.
243 silly tarball no local data for path-key@https://registry.npmjs.org/path-key/-/path-key-4.0.0.tgz. Extracting by manifest.
244 http fetch POST 200 https://registry.npmjs.org/-/npm/v1/security/advisories/bulk 394ms
245 timing auditReport:getReport Completed in 402ms
246 silly audit report {}
247 timing auditReport:init Completed in 0ms
248 timing reify:audit Completed in 404ms
249 http fetch GET 200 https://registry.npmjs.org/chownr/-/chownr-2.0.0.tgz 851ms (cache miss)
250 timing reifyNode:node_modules/chownr Completed in 920ms
251 http fetch GET 200 https://registry.npmjs.org/shebang-regex/-/shebang-regex-3.0.0.tgz 844ms (cache miss)
252 timing reifyNode:node_modules/shebang-regex Completed in 920ms
253 http fetch GET 200 https://registry.npmjs.org/fs-minipass/-/fs-minipass-2.1.0.tgz 867ms (cache miss)
254 timing reifyNode:node_modules/fs-minipass Completed in 934ms
255 http fetch GET 200 https://registry.npmjs.org/isexe/-/isexe-2.0.0.tgz 893ms (cache miss)
256 timing reifyNode:node_modules/isexe Completed in 936ms
257 http fetch GET 200 https://registry.npmjs.org/yallist/-/yallist-4.0.0.tgz 882ms (cache miss)
258 timing reifyNode:node_modules/yallist Completed in 937ms
259 http fetch GET 200 https://registry.npmjs.org/mkdirp/-/mkdirp-1.0.4.tgz 882ms (cache miss)
260 timing reifyNode:node_modules/mkdirp Completed in 937ms
261 http fetch GET 200 https://registry.npmjs.org/minizlib/-/minizlib-2.1.2.tgz 874ms (cache miss)
262 timing reifyNode:node_modules/minizlib Completed in 937ms
263 http fetch GET 200 https://registry.npmjs.org/mimic-fn/-/mimic-fn-4.0.0.tgz 858ms (cache miss)
264 timing reifyNode:node_modules/mimic-fn Completed in 963ms
265 http fetch GET 200 https://registry.npmjs.org/shebang-command/-/shebang-command-2.0.0.tgz 856ms (cache miss)
266 timing reifyNode:node_modules/shebang-command Completed in 964ms
267 http fetch GET 200 https://registry.npmjs.org/which/-/which-2.0.2.tgz 858ms (cache miss)
268 timing reifyNode:node_modules/which Completed in 965ms
269 http fetch GET 200 https://registry.npmjs.org/path-key/-/path-key-4.0.0.tgz 820ms (cache miss)
270 timing reifyNode:node_modules/npm-run-path/node_modules/path-key Completed in 965ms
271 http fetch GET 200 https://registry.npmjs.org/strip-final-newline/-/strip-final-newline-3.0.0.tgz 856ms (cache miss)
272 timing reifyNode:node_modules/strip-final-newline Completed in 966ms
273 http fetch GET 200 https://registry.npmjs.org/path-key/-/path-key-3.1.1.tgz 858ms (cache miss)
274 timing reifyNode:node_modules/path-key Completed in 968ms
275 http fetch GET 200 https://registry.npmjs.org/is-stream/-/is-stream-3.0.0.tgz 850ms (cache miss)
276 timing reifyNode:node_modules/is-stream Completed in 967ms
277 http fetch GET 200 https://registry.npmjs.org/merge-stream/-/merge-stream-2.0.0.tgz 852ms (cache miss)
278 timing reifyNode:node_modules/merge-stream Completed in 968ms
279 http fetch GET 200 https://registry.npmjs.org/minipass/-/minipass-5.0.0.tgz 905ms (cache miss)
280 timing reifyNode:node_modules/minipass Completed in 969ms
281 http fetch GET 200 https://registry.npmjs.org/onetime/-/onetime-6.0.0.tgz 855ms (cache miss)
282 timing reifyNode:node_modules/onetime Completed in 969ms
283 http fetch GET 200 https://registry.npmjs.org/npm-run-path/-/npm-run-path-5.3.0.tgz 855ms (cache miss)
284 timing reifyNode:node_modules/npm-run-path Completed in 974ms
285 http fetch GET 200 https://registry.npmjs.org/get-stream/-/get-stream-8.0.1.tgz 872ms (cache miss)
286 timing reifyNode:node_modules/get-stream Completed in 993ms
287 http fetch GET 200 https://registry.npmjs.org/defu/-/defu-6.1.4.tgz 857ms (cache miss)
288 timing reifyNode:node_modules/defu Completed in 993ms
289 http fetch GET 200 https://registry.npmjs.org/nypm/-/nypm-0.3.9.tgz 872ms (cache miss)
290 timing reifyNode:node_modules/nypm Completed in 1004ms
291 http fetch GET 200 https://registry.npmjs.org/pkg-types/-/pkg-types-1.1.3.tgz 885ms (cache miss)
292 timing reifyNode:node_modules/pkg-types Completed in 1009ms
293 http fetch GET 200 https://registry.npmjs.org/citty/-/citty-0.1.6.tgz 906ms (cache miss)
294 timing reifyNode:node_modules/citty Completed in 1045ms
295 http fetch GET 200 https://registry.npmjs.org/cross-spawn/-/cross-spawn-7.0.3.tgz 948ms (cache miss)
296 timing reifyNode:node_modules/cross-spawn Completed in 1070ms
297 http fetch GET 200 https://registry.npmjs.org/human-signals/-/human-signals-5.0.0.tgz 951ms (cache miss)
298 timing reifyNode:node_modules/human-signals Completed in 1071ms
299 http fetch GET 200 https://registry.npmjs.org/pathe/-/pathe-1.1.2.tgz 948ms (cache miss)
300 timing reifyNode:node_modules/pathe Completed in 1077ms
301 http fetch GET 200 https://registry.npmjs.org/minipass/-/minipass-3.3.6.tgz 948ms (cache miss)
302 timing reifyNode:node_modules/minizlib/node_modules/minipass Completed in 1090ms
303 http fetch GET 200 https://registry.npmjs.org/giget/-/giget-1.2.3.tgz 954ms (cache miss)
304 timing reifyNode:node_modules/giget Completed in 1094ms
305 http fetch GET 200 https://registry.npmjs.org/ohash/-/ohash-1.1.3.tgz 964ms (cache miss)
306 timing reifyNode:node_modules/ohash Completed in 1095ms
307 http fetch GET 200 https://registry.npmjs.org/minipass/-/minipass-3.3.6.tgz 953ms (cache miss)
308 timing reifyNode:node_modules/fs-minipass/node_modules/minipass Completed in 1097ms
309 http fetch GET 200 https://registry.npmjs.org/ufo/-/ufo-1.5.4.tgz 1000ms (cache miss)
310 timing reifyNode:node_modules/ufo Completed in 1126ms
311 http fetch GET 200 https://registry.npmjs.org/execa/-/execa-8.0.1.tgz 1016ms (cache miss)
312 timing reifyNode:node_modules/execa Completed in 1142ms
313 http fetch GET 200 https://registry.npmjs.org/signal-exit/-/signal-exit-4.1.0.tgz 1035ms (cache miss)
314 timing reifyNode:node_modules/signal-exit Completed in 1147ms
315 http fetch GET 200 https://registry.npmjs.org/mlly/-/mlly-1.7.1.tgz 1115ms (cache miss)
316 timing reifyNode:node_modules/mlly Completed in 1202ms
317 http fetch GET 200 https://registry.npmjs.org/confbox/-/confbox-0.1.7.tgz 1157ms (cache miss)
318 timing reifyNode:node_modules/confbox Completed in 1260ms
319 http fetch GET 200 https://registry.npmjs.org/tar/-/tar-6.2.1.tgz 1150ms (cache miss)
320 timing reifyNode:node_modules/tar Completed in 1278ms
321 http fetch GET 200 https://registry.npmjs.org/acorn/-/acorn-8.12.1.tgz 1197ms (cache miss)
322 timing reifyNode:node_modules/acorn Completed in 1281ms
323 http fetch GET 200 https://registry.npmjs.org/consola/-/consola-3.2.3.tgz 1161ms (cache miss)
324 timing reifyNode:node_modules/consola Completed in 1298ms
325 http fetch GET 200 https://registry.npmjs.org/node-fetch-native/-/node-fetch-native-1.6.4.tgz 1193ms (cache miss)
326 timing reifyNode:node_modules/node-fetch-native Completed in 1328ms
327 timing reify:unpack Completed in 1330ms
328 timing reify:unretire Completed in 0ms
329 timing build:queue Completed in 3ms
330 timing build:link:node_modules/acorn Completed in 4ms
331 timing build:link:node_modules/giget Completed in 4ms
332 timing build:link:node_modules/mkdirp Completed in 4ms
333 timing build:link:node_modules/nypm Completed in 3ms
334 timing build:link:node_modules/which Completed in 3ms
335 timing build:link Completed in 5ms
336 timing build:deps Completed in 9ms
337 timing build Completed in 10ms
338 timing reify:build Completed in 11ms
339 timing reify:trash Completed in 0ms
340 timing reify:save Completed in 32ms
341 timing reify Completed in 2358ms
342 timing command:exec Completed in 10824ms
343 notice
343 notice New [33mminor[39m version of npm available! [31m10.2.4[39m -> [32m10.8.2[39m
343 notice Changelog: [36mhttps://github.com/npm/cli/releases/tag/v10.8.2[39m
343 notice Run [32mnpm install -g npm@10.8.2[39m to update!
343 notice
344 verbose exit 1
345 timing npm Completed in 11556ms
346 verbose code 1
