0 verbose cli /nix/store/qds3rzxwqrkvhzjxgcb95d2qx4sd9b1l-nodejs-20.11.1/bin/node /nix/store/qds3rzxwqrkvhzjxgcb95d2qx4sd9b1l-nodejs-20.11.1/lib/node_modules/npm/bin/npm-cli.js
1 info using npm@10.2.4
2 info using node@v20.11.1
3 timing npm:load:whichnode Completed in 24ms
4 timing config:load:defaults Completed in 2ms
5 timing config:load:file:/nix/store/qds3rzxwqrkvhzjxgcb95d2qx4sd9b1l-nodejs-20.11.1/lib/node_modules/npm/npmrc Completed in 1ms
6 timing config:load:builtin Completed in 1ms
7 timing config:load:cli Completed in 5ms
8 timing config:load:env Completed in 1ms
9 timing config:load:project Completed in 1ms
10 timing config:load:file:/home/user/.npmrc Completed in 0ms
11 timing config:load:user Completed in 0ms
12 timing config:load:file:/google/idx/.npmrc Completed in 0ms
13 timing config:load:global Completed in 0ms
14 timing config:load:setEnvs Completed in 2ms
15 timing config:load Completed in 13ms
16 timing npm:load:configload Completed in 13ms
17 timing config:load:flatten Completed in 5ms
18 timing npm:load:mkdirpcache Completed in 1ms
19 timing npm:load:mkdirplogs Completed in 0ms
20 verbose title npm exec giget@latest gh:firebase/friendlyeats-web/nextjs-start#master . --install
21 verbose argv "exec" "--" "giget@latest" "gh:firebase/friendlyeats-web/nextjs-start#master" "." "--install"
22 timing npm:load:setTitle Completed in 2ms
23 timing npm:load:display Completed in 1ms
24 verbose logfile logs-max:10 dir:/home/user/.npm/_logs/2024-07-17T10_49_43_024Z-
25 verbose logfile /home/user/.npm/_logs/2024-07-17T10_49_43_024Z-debug-0.log
26 timing npm:load:logFile Completed in 13ms
27 timing npm:load:timers Completed in 0ms
28 timing npm:load:configScope Completed in 0ms
29 timing npm:load Completed in 83ms
30 silly logfile done cleaning log files
31 timing arborist:ctor Completed in 1ms
32 http fetch GET 200 https://registry.npmjs.org/giget 139ms (cache revalidated)
33 timing arborist:ctor Completed in 0ms
34 timing arborist:ctor Completed in 0ms
35 timing arborist:ctor Completed in 0ms
36 timing command:exec Completed in 1493ms
37 verbose exit 1
38 timing npm Completed in 1842ms
39 verbose code 1
